Mplus VERSION 8.4
MUTHEN & MUTHEN
08/24/2023   9:13 AM

INPUT INSTRUCTIONS

  Title:

  Data:
    File is modelAll.dat ;
  Variable:
    Names are
       ID DownTem UpTem DownSoc UpSoc OCBCH autSat compSat relatSat autfru
       compfru relatfru AuthPr HubPr;
    Missing are all (-9999) ;
    usevar = OCBCH DownTem UpTem DownSoc UpSoc AuthPr HubPr NS NF;
    cluster = ID;
    within= DownTem UpTem DownSoc UpSoc AuthPr HubPr NS NF;
    between = ;
    define: NS = (autSat +compSat+relatSat)/3;
            NF = (autfru +compfru +relatfru)/3;


  Analysis:
    Type = twolevel  ;
    estimator=mlr;


  Model:

  %within%

  OCBCH on   DownTem
              UpTem
              DownSoc
              UpSoc

             HubPr
             AuthPr

              NS
              NF;


  NS on     DownTem
            UpTem
            DownSoc
            UpSoc

            AuthPr
            HubPr;



  NF on     DownTem
            UpTem
            DownSoc
            UpSoc
            AuthPr
            HubPr;


  AuthPr on DownTem
            UpTem
            DownSoc
            UpSoc ;


  HubPr on
            DownTem
            UpTem
            DownSoc
            UpSoc ;



  NS with NF;





  %between%

  [OCBCH];
  OCBCH;




  MODEL INDIRECT:
  OCBCH IND DownTem;
  OCBCH IND UpTem;
  OCBCH IND DownSoc;
  OCBCH IND  UpSoc;
  OCBCH IND AuthPr;
  OCBCH IND HubPr;

  NS IND DownTem;
  NS IND UpTem;
  NS IND DownSoc;
  NS IND  UpSoc;


  NF IND DownTem;
  Nf IND UpTem;
  Nf IND DownSoc;
  Nf IND  UpSoc;





   output:
   sampstat stdyx mod Cinterval;



*** WARNING
  One or more individual-level variables have no variation within a
  cluster for the following clusters.

     Variable   Cluster IDs with no within-cluster variation

      AUTHPR      39 68
      HUBPR       1 8 13 14 15 16 20 21 23 24 26 28 29 30 33 36 38 41 48 51 55 56 57 60 61 65
                  67 68
      DOWNTEM     59 68
      UPTEM       7 16 24 26 28 32 33 34 37 43 45 46 49 52 53 56 57 59 61 64 68 71
      DOWNSOC     1 8 30 48 53 61 68
      UPSOC       16 20 25 28 32 37 43 44 48 49 52 55 56 57 59 61 64 65 68

   1 WARNING(S) FOUND IN THE INPUT INSTRUCTIONS




SUMMARY OF ANALYSIS

Number of groups                                                 1
Number of observations                                         340

Number of dependent variables                                    5
Number of independent variables                                  4
Number of continuous latent variables                            0

Observed dependent variables

  Continuous
   OCBCH       AUTHPR      HUBPR       NS          NF

Observed independent variables
   DOWNTEM     UPTEM       DOWNSOC     UPSOC

Variables with special functions

  Cluster variable      ID

  Within variables
   DOWNTEM     UPTEM       DOWNSOC     UPSOC       AUTHPR      HUBPR
   NS          NF


Estimator                                                      MLR
Information matrix                                        OBSERVED
Maximum number of iterations                                   100
Convergence criterion                                    0.100D-05
Maximum number of EM iterations                                500
Convergence criteria for the EM algorithm
  Loglikelihood change                                   0.100D-02
  Relative loglikelihood change                          0.100D-05
  Derivative                                             0.100D-03
Minimum variance                                         0.100D-03
Maximum number of steepest descent iterations                   20
Maximum number of iterations for H1                           2000
Convergence criterion for H1                             0.100D-03
Optimization algorithm                                         EMA

Input data file(s)
  modelAll.dat
Input data format  FREE


SUMMARY OF DATA

     Number of missing data patterns             1
     Number of clusters                         68

     Average cluster size        5.000

     Estimated Intraclass Correlations for the Y Variables

                Intraclass              Intraclass              Intraclass
     Variable  Correlation   Variable  Correlation   Variable  Correlation

     OCBCH        0.322      AUTHPR       0.000      HUBPR        0.000
     NS           0.000      NF           0.000



COVARIANCE COVERAGE OF DATA

Minimum covariance coverage value   0.100


     PROPORTION OF DATA PRESENT


           Covariance Coverage
              OCBCH         AUTHPR        HUBPR         NS            NF
              ________      ________      ________      ________      ________
 OCBCH          1.000
 AUTHPR         1.000         1.000
 HUBPR          1.000         1.000         1.000
 NS             1.000         1.000         1.000         1.000
 NF             1.000         1.000         1.000         1.000         1.000
 DOWNTEM        1.000         1.000         1.000         1.000         1.000
 UPTEM          1.000         1.000         1.000         1.000         1.000
 DOWNSOC        1.000         1.000         1.000         1.000         1.000
 UPSOC          1.000         1.000         1.000         1.000         1.000


           Covariance Coverage
              DOWNTEM       UPTEM         DOWNSOC       UPSOC
              ________      ________      ________      ________
 DOWNTEM        1.000
 UPTEM          1.000         1.000
 DOWNSOC        1.000         1.000         1.000
 UPSOC          1.000         1.000         1.000         1.000


SAMPLE STATISTICS

NOTE:  The sample statistics for within and between refer to the
       maximum-likelihood estimated within and between covariance
       matrices, respectively.


     ESTIMATED SAMPLE STATISTICS FOR WITHIN


           Means
              OCBCH         AUTHPR        HUBPR         NS            NF
              ________      ________      ________      ________      ________
                0.000         3.962         1.431         3.632         2.123


           Means
              DOWNTEM       UPTEM         DOWNSOC       UPSOC
              ________      ________      ________      ________
                3.447         1.535         3.159         1.659


           Covariances
              OCBCH         AUTHPR        HUBPR         NS            NF
              ________      ________      ________      ________      ________
 OCBCH          0.751
 AUTHPR         0.205         0.461
 HUBPR         -0.008        -0.107         0.516
 NS             0.400         0.242        -0.101         0.489
 NF            -0.212        -0.171         0.250        -0.260         0.522
 DOWNTEM        0.403         0.347        -0.121         0.339        -0.189
 UPTEM         -0.230        -0.212         0.175        -0.192         0.202
 DOWNSOC        0.279         0.191         0.056         0.209         0.035
 UPSOC         -0.032        -0.154         0.233        -0.092         0.245


           Covariances
              DOWNTEM       UPTEM         DOWNSOC       UPSOC
              ________      ________      ________      ________
 DOWNTEM        1.124
 UPTEM         -0.383         0.713
 DOWNSOC        0.379        -0.006         1.151
 UPSOC         -0.080         0.294         0.072         0.842


           Correlations
              OCBCH         AUTHPR        HUBPR         NS            NF
              ________      ________      ________      ________      ________
 OCBCH          1.000
 AUTHPR         0.349         1.000
 HUBPR         -0.013        -0.219         1.000
 NS             0.660         0.510        -0.201         1.000
 NF            -0.339        -0.348         0.481        -0.514         1.000
 DOWNTEM        0.439         0.481        -0.159         0.457        -0.247
 UPTEM         -0.315        -0.369         0.288        -0.325         0.331
 DOWNSOC        0.300         0.263         0.073         0.279         0.046
 UPSOC         -0.040        -0.247         0.354        -0.144         0.370


           Correlations
              DOWNTEM       UPTEM         DOWNSOC       UPSOC
              ________      ________      ________      ________
 DOWNTEM        1.000
 UPTEM         -0.428         1.000
 DOWNSOC        0.333        -0.006         1.000
 UPSOC         -0.082         0.380         0.073         1.000


     ESTIMATED SAMPLE STATISTICS FOR BETWEEN


           Means
              OCBCH         AUTHPR        HUBPR         NS            NF
              ________      ________      ________      ________      ________
                3.206         0.000         0.000         0.000         0.000


           Means
              DOWNTEM       UPTEM         DOWNSOC       UPSOC
              ________      ________      ________      ________
                0.000         0.000         0.000         0.000


           Covariances
              OCBCH         AUTHPR        HUBPR         NS            NF
              ________      ________      ________      ________      ________
 OCBCH          0.357
 AUTHPR         0.000         0.000
 HUBPR          0.000         0.000         0.000
 NS             0.000         0.000         0.000         0.000
 NF             0.000         0.000         0.000         0.000         0.000
 DOWNTEM        0.000         0.000         0.000         0.000         0.000
 UPTEM          0.000         0.000         0.000         0.000         0.000
 DOWNSOC        0.000         0.000         0.000         0.000         0.000
 UPSOC          0.000         0.000         0.000         0.000         0.000


           Covariances
              DOWNTEM       UPTEM         DOWNSOC       UPSOC
              ________      ________      ________      ________
 DOWNTEM        0.000
 UPTEM          0.000         0.000
 DOWNSOC        0.000         0.000         0.000
 UPSOC          0.000         0.000         0.000         0.000


           Correlations
              OCBCH         AUTHPR        HUBPR         NS            NF
              ________      ________      ________      ________      ________
 OCBCH          1.000
 AUTHPR         0.000         0.000
 HUBPR          0.000         0.000         0.000
 NS             0.000         0.000         0.000         0.000
 NF             0.000         0.000         0.000         0.000         0.000
 DOWNTEM        0.000         0.000         0.000         0.000         0.000
 UPTEM          0.000         0.000         0.000         0.000         0.000
 DOWNSOC        0.000         0.000         0.000         0.000         0.000
 UPSOC          0.000         0.000         0.000         0.000         0.000


           Correlations
              DOWNTEM       UPTEM         DOWNSOC       UPSOC
              ________      ________      ________      ________
 DOWNTEM        0.000
 UPTEM          0.000         0.000
 DOWNSOC        0.000         0.000         0.000
 UPSOC          0.000         0.000         0.000         0.000


     MAXIMUM LOG-LIKELIHOOD VALUE FOR THE UNRESTRICTED (H1) MODEL IS -1555.974


UNIVARIATE SAMPLE STATISTICS


     UNIVARIATE HIGHER-ORDER MOMENT DESCRIPTIVE STATISTICS

         Variable/         Mean/     Skewness/   Minimum/ % with                Percentiles
        Sample Size      Variance    Kurtosis    Maximum  Min/Max      20%/60%    40%/80%    Median

     OCBCH                 3.206      -0.170       1.000    3.82%       2.333      3.000      3.333
             340.000       1.076      -0.574       5.000    7.94%       3.333      4.000
     AUTHPR                3.962      -0.356       2.000    1.18%       3.333      4.000      4.000
             340.000       0.461      -0.239       5.000   12.65%       4.000      4.667
     HUBPR                 1.431       1.953       1.000   60.29%       1.000      1.000      1.000
             340.000       0.516       3.445       4.333    0.59%       1.000      2.000
     NS                    3.632      -0.410       1.889    0.59%       3.000      3.556      3.667
             340.000       0.489      -0.306       5.000    1.47%       3.889      4.222
     NF                    2.123       0.606       1.000    1.76%       1.444      1.778      2.000
             340.000       0.522      -0.409       4.222    0.29%       2.222      2.778
     DOWNTEM               3.447      -0.446       1.000    5.59%       3.000      3.000      4.000
             340.000       1.124      -0.257       5.000   15.88%       4.000      4.000
     UPTEM                 1.535       1.397       1.000   66.18%       1.000      1.000      1.000
             340.000       0.713       0.825       4.000    3.53%       1.000      2.000
     DOWNSOC               3.159      -0.362       1.000    9.41%       2.000      3.000      3.000
             340.000       1.151      -0.406       5.000    8.53%       4.000      4.000
     UPSOC                 1.659       1.296       1.000   58.53%       1.000      1.000      1.000
             340.000       0.842       0.971       5.000    0.88%       2.000      2.000


THE MODEL ESTIMATION TERMINATED NORMALLY



MODEL FIT INFORMATION

Number of Free Parameters                       40

Loglikelihood

          H0 Value                       -1557.428
          H0 Scaling Correction Factor      1.9592
            for MLR
          H1 Value                       -1555.974
          H1 Scaling Correction Factor      1.9454
            for MLR

Information Criteria

          Akaike (AIC)                    3194.857
          Bayesian (BIC)                  3348.014
          Sample-Size Adjusted BIC        3221.127
            (n* = (n + 2) / 24)

Chi-Square Test of Model Fit

          Value                              2.088*
          Degrees of Freedom                     1
          P-Value                           0.1485
          Scaling Correction Factor         1.3932
            for MLR

*   The chi-square value for MLM, MLMV, MLR, ULSMV, WLSM and WLSMV cannot be used
    for chi-square difference testing in the regular way.  MLM, MLR and WLSM
    chi-square difference testing is described on the Mplus website.  MLMV, WLSMV,
    and ULSMV difference testing is done using the DIFFTEST option.

RMSEA (Root Mean Square Error Of Approximation)

          Estimate                           0.057

CFI/TLI

          CFI                                0.997
          TLI                                0.912

Chi-Square Test of Model Fit for the Baseline Model

          Value                            402.404
          Degrees of Freedom                    30
          P-Value                           0.0000

SRMR (Standardized Root Mean Square Residual)

          Value for Within                   0.013
          Value for Between                  0.001



MODEL RESULTS

                                                    Two-Tailed
                    Estimate       S.E.  Est./S.E.    P-Value

Within Level

 OCBCH      ON
    DOWNTEM            0.103      0.050      2.046      0.041
    UPTEM             -0.144      0.066     -2.179      0.029
    DOWNSOC            0.088      0.052      1.698      0.090
    UPSOC              0.058      0.051      1.139      0.255
    HUBPR              0.201      0.071      2.820      0.005
    AUTHPR            -0.069      0.091     -0.753      0.451
    NS                 0.669      0.088      7.596      0.000
    NF                -0.133      0.086     -1.549      0.121

 NS         ON
    DOWNTEM            0.134      0.043      3.122      0.002
    UPTEM             -0.080      0.065     -1.228      0.219
    DOWNSOC            0.085      0.036      2.328      0.020
    UPSOC              0.007      0.039      0.186      0.853
    AUTHPR             0.337      0.077      4.368      0.000
    HUBPR             -0.079      0.054     -1.483      0.138

 NF         ON
    DOWNTEM           -0.062      0.041     -1.503      0.133
    UPTEM              0.052      0.080      0.657      0.511
    DOWNSOC            0.060      0.045      1.323      0.186
    UPSOC              0.129      0.052      2.509      0.012
    AUTHPR            -0.201      0.094     -2.150      0.032
    HUBPR              0.345      0.071      4.825      0.000

 AUTHPR     ON
    DOWNTEM            0.223      0.042      5.301      0.000
    UPTEM             -0.124      0.052     -2.363      0.018
    DOWNSOC            0.100      0.045      2.246      0.025
    UPSOC             -0.127      0.049     -2.572      0.010

 HUBPR      ON
    DOWNTEM           -0.073      0.042     -1.751      0.080
    UPTEM              0.113      0.071      1.598      0.110
    DOWNSOC            0.059      0.042      1.394      0.163
    UPSOC              0.226      0.084      2.670      0.008

 NS       WITH
    NF                -0.146      0.034     -4.329      0.000

 Intercepts
    AUTHPR             3.277      0.272     12.063      0.000
    HUBPR              0.949      0.212      4.474      0.000
    NS                 1.794      0.347      5.167      0.000
    NF                 2.156      0.381      5.659      0.000

 Residual Variances
    OCBCH              0.373      0.053      7.002      0.000
    AUTHPR             0.319      0.033      9.751      0.000
    HUBPR              0.431      0.072      6.025      0.000
    NS                 0.322      0.046      7.046      0.000
    NF                 0.346      0.040      8.626      0.000

Between Level

 Means
    OCBCH              0.531      0.496      1.072      0.284

 Variances
    OCBCH              0.357      0.080      4.466      0.000


STANDARDIZED MODEL RESULTS


STDYX Standardization

                                                    Two-Tailed
                    Estimate       S.E.  Est./S.E.    P-Value

Within Level

 OCBCH      ON
    DOWNTEM            0.126      0.063      2.009      0.045
    UPTEM             -0.140      0.062     -2.273      0.023
    DOWNSOC            0.109      0.064      1.705      0.088
    UPSOC              0.062      0.053      1.166      0.243
    HUBPR              0.167      0.059      2.825      0.005
    AUTHPR            -0.054      0.071     -0.756      0.449
    NS                 0.538      0.064      8.465      0.000
    NF                -0.110      0.070     -1.567      0.117

 NS         ON
    DOWNTEM            0.204      0.064      3.194      0.001
    UPTEM             -0.096      0.079     -1.219      0.223
    DOWNSOC            0.130      0.057      2.294      0.022
    UPSOC              0.010      0.051      0.186      0.852
    AUTHPR             0.327      0.073      4.467      0.000
    HUBPR             -0.082      0.053     -1.530      0.126

 NF         ON
    DOWNTEM           -0.091      0.061     -1.491      0.136
    UPTEM              0.062      0.094      0.658      0.511
    DOWNSOC            0.090      0.067      1.333      0.182
    UPSOC              0.165      0.064      2.560      0.010
    AUTHPR            -0.190      0.089     -2.128      0.033
    HUBPR              0.344      0.079      4.373      0.000

 AUTHPR     ON
    DOWNTEM            0.349      0.066      5.269      0.000
    UPTEM             -0.154      0.066     -2.342      0.019
    DOWNSOC            0.158      0.068      2.327      0.020
    UPSOC             -0.172      0.064     -2.704      0.007

 HUBPR      ON
    DOWNTEM           -0.108      0.062     -1.741      0.082
    UPTEM              0.133      0.083      1.596      0.110
    DOWNSOC            0.088      0.061      1.447      0.148
    UPSOC              0.288      0.097      2.985      0.003

 NS       WITH
    NF                -0.438      0.071     -6.160      0.000

 Intercepts
    AUTHPR             4.826      0.500      9.649      0.000
    HUBPR              1.321      0.356      3.712      0.000
    NS                 2.570      0.569      4.520      0.000
    NF                 2.996      0.603      4.966      0.000

 Residual Variances
    OCBCH              0.496      0.059      8.388      0.000
    AUTHPR             0.691      0.052     13.405      0.000
    HUBPR              0.836      0.062     13.457      0.000
    NS                 0.661      0.058     11.335      0.000
    NF                 0.668      0.069      9.655      0.000

Between Level

 Means
    OCBCH              0.889      0.847      1.051      0.293

 Variances
    OCBCH              1.000      0.000    999.000    999.000


R-SQUARE

Within Level

    Observed                                        Two-Tailed
    Variable        Estimate       S.E.  Est./S.E.    P-Value

    OCBCH              0.504      0.059      8.510      0.000
    AUTHPR             0.309      0.052      5.991      0.000
    HUBPR              0.164      0.062      2.642      0.008
    NS                 0.339      0.058      5.824      0.000
    NF                 0.332      0.069      4.796      0.000

Between Level


QUALITY OF NUMERICAL RESULTS

     Condition Number for the Information Matrix              0.167E-05
       (ratio of smallest to largest eigenvalue)


TOTAL, TOTAL INDIRECT, SPECIFIC INDIRECT, AND DIRECT EFFECTS


                                                    Two-Tailed
                    Estimate       S.E.  Est./S.E.    P-Value

WITHIN

Effects from DOWNTEM to OCBCH

  Total                0.235      0.059      4.005      0.000
  Total indirect       0.131      0.038      3.461      0.001

  Specific indirect 1
    OCBCH
    AUTHPR
    DOWNTEM           -0.015      0.020     -0.757      0.449

  Specific indirect 2
    OCBCH
    HUBPR
    DOWNTEM           -0.015      0.009     -1.641      0.101

  Specific indirect 3
    OCBCH
    NS
    DOWNTEM            0.090      0.034      2.673      0.008

  Specific indirect 4
    OCBCH
    NF
    DOWNTEM            0.008      0.007      1.169      0.243

  Specific indirect 5
    OCBCH
    NS
    AUTHPR
    DOWNTEM            0.050      0.016      3.163      0.002

  Specific indirect 6
    OCBCH
    NS
    HUBPR
    DOWNTEM            0.004      0.003      1.297      0.195

  Specific indirect 7
    OCBCH
    NF
    AUTHPR
    DOWNTEM            0.006      0.005      1.199      0.231

  Specific indirect 8
    OCBCH
    NF
    HUBPR
    DOWNTEM            0.003      0.003      1.092      0.275

  Direct
    OCBCH
    DOWNTEM            0.103      0.050      2.046      0.041


Effects from UPTEM to OCBCH

  Total               -0.215      0.083     -2.582      0.010
  Total indirect      -0.071      0.048     -1.474      0.140

  Specific indirect 1
    OCBCH
    AUTHPR
    UPTEM              0.008      0.012      0.705      0.481

  Specific indirect 2
    OCBCH
    HUBPR
    UPTEM              0.023      0.017      1.380      0.168

  Specific indirect 3
    OCBCH
    NS
    UPTEM             -0.053      0.044     -1.198      0.231

  Specific indirect 4
    OCBCH
    NF
    UPTEM             -0.007      0.011     -0.609      0.542

  Specific indirect 5
    OCBCH
    NS
    AUTHPR
    UPTEM             -0.028      0.014     -2.016      0.044

  Specific indirect 6
    OCBCH
    NS
    HUBPR
    UPTEM             -0.006      0.006     -1.001      0.317

  Specific indirect 7
    OCBCH
    NF
    AUTHPR
    UPTEM             -0.003      0.003     -1.143      0.253

  Specific indirect 8
    OCBCH
    NF
    HUBPR
    UPTEM             -0.005      0.005     -1.034      0.301

  Direct
    OCBCH
    UPTEM             -0.144      0.066     -2.179      0.029


Effects from DOWNSOC to OCBCH

  Total                0.161      0.067      2.388      0.017
  Total indirect       0.073      0.034      2.171      0.030

  Specific indirect 1
    OCBCH
    AUTHPR
    DOWNSOC           -0.007      0.010     -0.682      0.495

  Specific indirect 2
    OCBCH
    HUBPR
    DOWNSOC            0.012      0.010      1.231      0.218

  Specific indirect 3
    OCBCH
    NS
    DOWNSOC            0.057      0.026      2.151      0.031

  Specific indirect 4
    OCBCH
    NF
    DOWNSOC           -0.008      0.008     -1.001      0.317

  Specific indirect 5
    OCBCH
    NS
    AUTHPR
    DOWNSOC            0.023      0.011      2.005      0.045

  Specific indirect 6
    OCBCH
    NS
    HUBPR
    DOWNSOC           -0.003      0.003     -1.179      0.239

  Specific indirect 7
    OCBCH
    NF
    AUTHPR
    DOWNSOC            0.003      0.002      1.235      0.217

  Specific indirect 8
    OCBCH
    NF
    HUBPR
    DOWNSOC           -0.003      0.003     -1.012      0.312

  Direct
    OCBCH
    DOWNSOC            0.088      0.052      1.698      0.090


Effects from UPSOC to OCBCH

  Total                0.046      0.066      0.700      0.484
  Total indirect      -0.012      0.046     -0.270      0.787

  Specific indirect 1
    OCBCH
    AUTHPR
    UPSOC              0.009      0.012      0.722      0.470

  Specific indirect 2
    OCBCH
    HUBPR
    UPSOC              0.045      0.022      2.043      0.041

  Specific indirect 3
    OCBCH
    NS
    UPSOC              0.005      0.026      0.185      0.853

  Specific indirect 4
    OCBCH
    NF
    UPSOC             -0.017      0.014     -1.235      0.217

  Specific indirect 5
    OCBCH
    NS
    AUTHPR
    UPSOC             -0.029      0.013     -2.285      0.022

  Specific indirect 6
    OCBCH
    NS
    HUBPR
    UPSOC             -0.012      0.009     -1.337      0.181

  Specific indirect 7
    OCBCH
    NF
    AUTHPR
    UPSOC             -0.003      0.003     -1.267      0.205

  Specific indirect 8
    OCBCH
    NF
    HUBPR
    UPSOC             -0.010      0.009     -1.168      0.243

  Direct
    OCBCH
    UPSOC              0.058      0.051      1.139      0.255


Effects from AUTHPR to OCBCH

  Total                0.183      0.102      1.794      0.073
  Total indirect       0.252      0.055      4.591      0.000

  Specific indirect 1
    OCBCH
    NS
    AUTHPR             0.225      0.050      4.472      0.000

  Specific indirect 2
    OCBCH
    NF
    AUTHPR             0.027      0.020      1.344      0.179

  Direct
    OCBCH
    AUTHPR            -0.069      0.091     -0.753      0.451


Effects from HUBPR to OCBCH

  Total                0.103      0.079      1.297      0.195
  Total indirect      -0.099      0.052     -1.907      0.057

  Specific indirect 1
    OCBCH
    NS
    HUBPR             -0.053      0.036     -1.479      0.139

  Specific indirect 2
    OCBCH
    NF
    HUBPR             -0.046      0.032     -1.420      0.156

  Direct
    OCBCH
    HUBPR              0.201      0.071      2.820      0.005


Effects from DOWNTEM to NS

  Total                0.215      0.046      4.676      0.000
  Total indirect       0.081      0.027      3.055      0.002

  Specific indirect 1
    NS
    AUTHPR
    DOWNTEM            0.075      0.025      2.966      0.003

  Specific indirect 2
    NS
    HUBPR
    DOWNTEM            0.006      0.005      1.266      0.205

  Direct
    NS
    DOWNTEM            0.134      0.043      3.122      0.002


Effects from UPTEM to NS

  Total               -0.130      0.060     -2.173      0.030
  Total indirect      -0.051      0.023     -2.166      0.030

  Specific indirect 1
    NS
    AUTHPR
    UPTEM             -0.042      0.021     -2.024      0.043

  Specific indirect 2
    NS
    HUBPR
    UPTEM             -0.009      0.009     -0.997      0.319

  Direct
    NS
    UPTEM             -0.080      0.065     -1.228      0.219


Effects from DOWNSOC to NS

  Total                0.113      0.040      2.865      0.004
  Total indirect       0.029      0.018      1.605      0.108

  Specific indirect 1
    NS
    AUTHPR
    DOWNSOC            0.034      0.017      2.004      0.045

  Specific indirect 2
    NS
    HUBPR
    DOWNSOC           -0.005      0.004     -1.217      0.224

  Direct
    NS
    DOWNSOC            0.085      0.036      2.328      0.020


Effects from UPSOC to NS

  Total               -0.054      0.042     -1.273      0.203
  Total indirect      -0.061      0.022     -2.703      0.007

  Specific indirect 1
    NS
    AUTHPR
    UPSOC             -0.043      0.018     -2.413      0.016

  Specific indirect 2
    NS
    HUBPR
    UPSOC             -0.018      0.013     -1.333      0.182

  Direct
    NS
    UPSOC              0.007      0.039      0.186      0.853


Effects from DOWNTEM to NF

  Total               -0.132      0.037     -3.532      0.000
  Total indirect      -0.070      0.032     -2.166      0.030

  Specific indirect 1
    NF
    AUTHPR
    DOWNTEM           -0.045      0.026     -1.718      0.086

  Specific indirect 2
    NF
    HUBPR
    DOWNTEM           -0.025      0.014     -1.770      0.077

  Direct
    NF
    DOWNTEM           -0.062      0.041     -1.503      0.133


Effects from UPTEM to NF

  Total                0.116      0.075      1.555      0.120
  Total indirect       0.064      0.033      1.911      0.056

  Specific indirect 1
    NF
    AUTHPR
    UPTEM              0.025      0.016      1.569      0.117

  Specific indirect 2
    NF
    HUBPR
    UPTEM              0.039      0.026      1.504      0.133

  Direct
    NF
    UPTEM              0.052      0.080      0.657      0.511


Effects from DOWNSOC to NF

  Total                0.060      0.044      1.371      0.170
  Total indirect       0.000      0.020      0.015      0.988

  Specific indirect 1
    NF
    AUTHPR
    DOWNSOC           -0.020      0.011     -1.804      0.071

  Specific indirect 2
    NF
    HUBPR
    DOWNSOC            0.020      0.016      1.310      0.190

  Direct
    NF
    DOWNSOC            0.060      0.045      1.323      0.186


Effects from UPSOC to NF

  Total                0.233      0.069      3.390      0.001
  Total indirect       0.103      0.037      2.762      0.006

  Specific indirect 1
    NF
    AUTHPR
    UPSOC              0.026      0.013      2.041      0.041

  Specific indirect 2
    NF
    HUBPR
    UPSOC              0.078      0.037      2.098      0.036

  Direct
    NF
    UPSOC              0.129      0.052      2.509      0.012


BETWEEN


STANDARDIZED TOTAL, TOTAL INDIRECT, SPECIFIC INDIRECT, AND DIRECT EFFECTS


STDYX Standardization

                                                    Two-Tailed
                    Estimate       S.E.  Est./S.E.    P-Value

WITHIN

Effects from DOWNTEM to OCBCH

  Total                0.287      0.074      3.899      0.000
  Total indirect       0.160      0.046      3.478      0.001

  Specific indirect 1
    OCBCH
    AUTHPR
    DOWNTEM           -0.019      0.025     -0.762      0.446

  Specific indirect 2
    OCBCH
    HUBPR
    DOWNTEM           -0.018      0.011     -1.657      0.097

  Specific indirect 3
    OCBCH
    NS
    DOWNTEM            0.110      0.040      2.742      0.006

  Specific indirect 4
    OCBCH
    NF
    DOWNTEM            0.010      0.008      1.193      0.233

  Specific indirect 5
    OCBCH
    NS
    AUTHPR
    DOWNTEM            0.061      0.020      3.066      0.002

  Specific indirect 6
    OCBCH
    NS
    HUBPR
    DOWNTEM            0.005      0.004      1.290      0.197

  Specific indirect 7
    OCBCH
    NF
    AUTHPR
    DOWNTEM            0.007      0.006      1.202      0.230

  Specific indirect 8
    OCBCH
    NF
    HUBPR
    DOWNTEM            0.004      0.004      1.101      0.271

  Direct
    OCBCH
    DOWNTEM            0.126      0.063      2.009      0.045


Effects from UPTEM to OCBCH

  Total               -0.209      0.077     -2.719      0.007
  Total indirect      -0.069      0.047     -1.490      0.136

  Specific indirect 1
    OCBCH
    AUTHPR
    UPTEM              0.008      0.012      0.710      0.478

  Specific indirect 2
    OCBCH
    HUBPR
    UPTEM              0.022      0.016      1.390      0.164

  Specific indirect 3
    OCBCH
    NS
    UPTEM             -0.052      0.043     -1.211      0.226

  Specific indirect 4
    OCBCH
    NF
    UPTEM             -0.007      0.011     -0.614      0.539

  Specific indirect 5
    OCBCH
    NS
    AUTHPR
    UPTEM             -0.027      0.014     -2.001      0.045

  Specific indirect 6
    OCBCH
    NS
    HUBPR
    UPTEM             -0.006      0.006     -0.998      0.318

  Specific indirect 7
    OCBCH
    NF
    AUTHPR
    UPTEM             -0.003      0.003     -1.147      0.251

  Specific indirect 8
    OCBCH
    NF
    HUBPR
    UPTEM             -0.005      0.005     -1.041      0.298

  Direct
    OCBCH
    UPTEM             -0.140      0.062     -2.273      0.023


Effects from DOWNSOC to OCBCH

  Total                0.199      0.083      2.408      0.016
  Total indirect       0.090      0.041      2.186      0.029

  Specific indirect 1
    OCBCH
    AUTHPR
    DOWNSOC           -0.008      0.012     -0.686      0.492

  Specific indirect 2
    OCBCH
    HUBPR
    DOWNSOC            0.015      0.012      1.252      0.211

  Specific indirect 3
    OCBCH
    NS
    DOWNSOC            0.070      0.032      2.192      0.028

  Specific indirect 4
    OCBCH
    NF
    DOWNSOC           -0.010      0.010     -1.010      0.313

  Specific indirect 5
    OCBCH
    NS
    AUTHPR
    DOWNSOC            0.028      0.014      1.987      0.047

  Specific indirect 6
    OCBCH
    NS
    HUBPR
    DOWNSOC           -0.004      0.003     -1.185      0.236

  Specific indirect 7
    OCBCH
    NF
    AUTHPR
    DOWNSOC            0.003      0.003      1.240      0.215

  Specific indirect 8
    OCBCH
    NF
    HUBPR
    DOWNSOC           -0.003      0.003     -1.026      0.305

  Direct
    OCBCH
    DOWNSOC            0.109      0.064      1.705      0.088


Effects from UPSOC to OCBCH

  Total                0.049      0.068      0.712      0.476
  Total indirect      -0.013      0.049     -0.269      0.788

  Specific indirect 1
    OCBCH
    AUTHPR
    UPSOC              0.009      0.013      0.729      0.466

  Specific indirect 2
    OCBCH
    HUBPR
    UPSOC              0.048      0.023      2.089      0.037

  Specific indirect 3
    OCBCH
    NS
    UPSOC              0.005      0.028      0.186      0.853

  Specific indirect 4
    OCBCH
    NF
    UPSOC             -0.018      0.015     -1.244      0.213

  Specific indirect 5
    OCBCH
    NS
    AUTHPR
    UPSOC             -0.030      0.013     -2.335      0.020

  Specific indirect 6
    OCBCH
    NS
    HUBPR
    UPSOC             -0.013      0.010     -1.334      0.182

  Specific indirect 7
    OCBCH
    NF
    AUTHPR
    UPSOC             -0.004      0.003     -1.285      0.199

  Specific indirect 8
    OCBCH
    NF
    HUBPR
    UPSOC             -0.011      0.009     -1.181      0.238

  Direct
    OCBCH
    UPSOC              0.062      0.053      1.166      0.243


Effects from AUTHPR to OCBCH

  Total                0.143      0.081      1.767      0.077
  Total indirect       0.197      0.044      4.444      0.000

  Specific indirect 1
    OCBCH
    NS
    AUTHPR             0.176      0.041      4.313      0.000

  Specific indirect 2
    OCBCH
    NF
    AUTHPR             0.021      0.016      1.346      0.178

  Direct
    OCBCH
    AUTHPR            -0.054      0.071     -0.756      0.449


Effects from HUBPR to OCBCH

  Total                0.085      0.065      1.298      0.194
  Total indirect      -0.082      0.043     -1.904      0.057

  Specific indirect 1
    OCBCH
    NS
    HUBPR             -0.044      0.029     -1.521      0.128

  Specific indirect 2
    OCBCH
    NF
    HUBPR             -0.038      0.027     -1.379      0.168

  Direct
    OCBCH
    HUBPR              0.167      0.059      2.825      0.005


Effects from DOWNTEM to NS

  Total                0.327      0.066      4.949      0.000
  Total indirect       0.123      0.039      3.137      0.002

  Specific indirect 1
    NS
    AUTHPR
    DOWNTEM            0.114      0.038      3.042      0.002

  Specific indirect 2
    NS
    HUBPR
    DOWNTEM            0.009      0.007      1.271      0.204

  Direct
    NS
    DOWNTEM            0.204      0.064      3.194      0.001


Effects from UPTEM to NS

  Total               -0.158      0.074     -2.143      0.032
  Total indirect      -0.061      0.028     -2.167      0.030

  Specific indirect 1
    NS
    AUTHPR
    UPTEM             -0.050      0.025     -2.025      0.043

  Specific indirect 2
    NS
    HUBPR
    UPTEM             -0.011      0.011     -0.997      0.319

  Direct
    NS
    UPTEM             -0.096      0.079     -1.219      0.223


Effects from DOWNSOC to NS

  Total                0.174      0.062      2.822      0.005
  Total indirect       0.045      0.028      1.609      0.108

  Specific indirect 1
    NS
    AUTHPR
    DOWNSOC            0.052      0.026      2.010      0.044

  Specific indirect 2
    NS
    HUBPR
    DOWNSOC           -0.007      0.006     -1.217      0.224

  Direct
    NS
    DOWNSOC            0.130      0.057      2.294      0.022


Effects from UPSOC to NS

  Total               -0.070      0.056     -1.255      0.210
  Total indirect      -0.080      0.030     -2.699      0.007

  Specific indirect 1
    NS
    AUTHPR
    UPSOC             -0.056      0.023     -2.413      0.016

  Specific indirect 2
    NS
    HUBPR
    UPSOC             -0.024      0.018     -1.332      0.183

  Direct
    NS
    UPSOC              0.010      0.051      0.186      0.852


Effects from DOWNTEM to NF

  Total               -0.195      0.057     -3.395      0.001
  Total indirect      -0.103      0.048     -2.133      0.033

  Specific indirect 1
    NF
    AUTHPR
    DOWNTEM           -0.066      0.039     -1.691      0.091

  Specific indirect 2
    NF
    HUBPR
    DOWNTEM           -0.037      0.021     -1.773      0.076

  Direct
    NF
    DOWNTEM           -0.091      0.061     -1.491      0.136


Effects from UPTEM to NF

  Total                0.137      0.088      1.554      0.120
  Total indirect       0.075      0.040      1.886      0.059

  Specific indirect 1
    NF
    AUTHPR
    UPTEM              0.029      0.019      1.551      0.121

  Specific indirect 2
    NF
    HUBPR
    UPTEM              0.046      0.031      1.494      0.135

  Direct
    NF
    UPTEM              0.062      0.094      0.658      0.511


Effects from DOWNSOC to NF

  Total                0.090      0.065      1.392      0.164
  Total indirect       0.000      0.030      0.015      0.988

  Specific indirect 1
    NF
    AUTHPR
    DOWNSOC           -0.030      0.017     -1.783      0.075

  Specific indirect 2
    NF
    HUBPR
    DOWNSOC            0.030      0.023      1.330      0.183

  Direct
    NF
    DOWNSOC            0.090      0.067      1.333      0.182


Effects from UPSOC to NF

  Total                0.297      0.081      3.681      0.000
  Total indirect       0.132      0.044      3.027      0.002

  Specific indirect 1
    NF
    AUTHPR
    UPSOC              0.033      0.016      2.008      0.045

  Specific indirect 2
    NF
    HUBPR
    UPSOC              0.099      0.044      2.262      0.024

  Direct
    NF
    UPSOC              0.165      0.064      2.560      0.010


BETWEEN

Effects from DOWNTEM to OCBCH

  Total                0.000      0.000      0.000      1.000
  Total indirect       0.000      0.000      0.000      1.000


Effects from UPTEM to OCBCH

  Total                0.000      0.000      0.000      1.000
  Total indirect       0.000      0.000      0.000      1.000


Effects from DOWNSOC to OCBCH

  Total                0.000      0.000      0.000      1.000
  Total indirect       0.000      0.000      0.000      1.000


Effects from UPSOC to OCBCH

  Total                0.000      0.000      0.000      1.000
  Total indirect       0.000      0.000      0.000      1.000


Effects from AUTHPR to OCBCH

  Total                0.000      0.000      0.000      1.000
  Total indirect       0.000      0.000      0.000      1.000


Effects from HUBPR to OCBCH

  Total                0.000      0.000      0.000      1.000
  Total indirect       0.000      0.000      0.000      1.000


Effects from DOWNTEM to NS

  Total                0.000      0.000      0.000      1.000
  Total indirect       0.000      0.000      0.000      1.000


Effects from UPTEM to NS

  Total                0.000      0.000      0.000      1.000
  Total indirect       0.000      0.000      0.000      1.000


Effects from DOWNSOC to NS

  Total                0.000      0.000      0.000      1.000
  Total indirect       0.000      0.000      0.000      1.000


Effects from UPSOC to NS

  Total                0.000      0.000      0.000      1.000
  Total indirect       0.000      0.000      0.000      1.000


Effects from DOWNTEM to NF

  Total                0.000      0.000      0.000      1.000
  Total indirect       0.000      0.000      0.000      1.000


Effects from UPTEM to NF

  Total                0.000      0.000      0.000      1.000
  Total indirect       0.000      0.000      0.000      1.000


Effects from DOWNSOC to NF

  Total                0.000      0.000      0.000      1.000
  Total indirect       0.000      0.000      0.000      1.000


Effects from UPSOC to NF

  Total                0.000      0.000      0.000      1.000
  Total indirect       0.000      0.000      0.000      1.000




CONFIDENCE INTERVALS OF MODEL RESULTS

                  Lower .5%  Lower 2.5%    Lower 5%    Estimate    Upper 5%  Upper 2.5%   Upper .5%

Within Level

 OCBCH    ON
    DOWNTEM         -0.027       0.004       0.020       0.103       0.186       0.202       0.233
    UPTEM           -0.313      -0.273      -0.252      -0.144      -0.035      -0.014       0.026
    DOWNSOC         -0.046      -0.014       0.003       0.088       0.173       0.190       0.222
    UPSOC           -0.074      -0.042      -0.026       0.058       0.143       0.159       0.191
    HUBPR            0.017       0.061       0.084       0.201       0.319       0.341       0.385
    AUTHPR          -0.304      -0.247      -0.219      -0.069       0.081       0.110       0.166
    NS               0.442       0.496       0.524       0.669       0.814       0.841       0.896
    NF              -0.353      -0.300      -0.273      -0.133       0.008       0.035       0.088

 NS       ON
    DOWNTEM          0.023       0.050       0.063       0.134       0.205       0.218       0.245
    UPTEM           -0.247      -0.207      -0.186      -0.080       0.027       0.047       0.087
    DOWNSOC         -0.009       0.013       0.025       0.085       0.144       0.156       0.178
    UPSOC           -0.093      -0.069      -0.057       0.007       0.071       0.084       0.108
    AUTHPR           0.138       0.186       0.210       0.337       0.463       0.488       0.535
    HUBPR           -0.217      -0.184      -0.168      -0.079       0.009       0.026       0.059

 NF       ON
    DOWNTEM         -0.168      -0.143      -0.130      -0.062       0.006       0.019       0.044
    UPTEM           -0.153      -0.104      -0.079       0.052       0.184       0.209       0.258
    DOWNSOC         -0.057      -0.029      -0.015       0.060       0.135       0.149       0.177
    UPSOC           -0.003       0.028       0.045       0.129       0.214       0.231       0.262
    AUTHPR          -0.442      -0.384      -0.355      -0.201      -0.047      -0.018       0.040
    HUBPR            0.161       0.205       0.227       0.345       0.462       0.485       0.529

 AUTHPR   ON
    DOWNTEM          0.115       0.141       0.154       0.223       0.293       0.306       0.332
    UPTEM           -0.258      -0.226      -0.210      -0.124      -0.038      -0.021       0.011
    DOWNSOC         -0.015       0.013       0.027       0.100       0.173       0.187       0.215
    UPSOC           -0.255      -0.224      -0.209      -0.127      -0.046      -0.030       0.000

 HUBPR    ON
    DOWNTEM         -0.181      -0.155      -0.142      -0.073      -0.004       0.009       0.034
    UPTEM           -0.069      -0.026      -0.003       0.113       0.230       0.252       0.296
    DOWNSOC         -0.050      -0.024      -0.011       0.059       0.129       0.143       0.169
    UPSOC            0.008       0.060       0.087       0.226       0.364       0.391       0.443

 NS       WITH
    NF              -0.233      -0.212      -0.202      -0.146      -0.091      -0.080      -0.059

 Intercepts
    AUTHPR           2.577       2.744       2.830       3.277       3.723       3.809       3.976
    HUBPR            0.402       0.533       0.600       0.949       1.297       1.364       1.495
    NS               0.900       1.113       1.223       1.794       2.365       2.474       2.688
    NF               1.174       1.409       1.529       2.156       2.782       2.902       3.137

 Residual Variances
    OCBCH            0.236       0.269       0.286       0.373       0.461       0.478       0.511
    AUTHPR           0.234       0.255       0.265       0.319       0.372       0.383       0.403
    HUBPR            0.247       0.291       0.313       0.431       0.549       0.571       0.616
    NS               0.204       0.232       0.247       0.322       0.397       0.411       0.439
    NF               0.243       0.267       0.280       0.346       0.412       0.424       0.449

Between Level

 Means
    OCBCH           -0.746      -0.440      -0.284       0.531       1.347       1.503       1.808

 Variances
    OCBCH            0.151       0.200       0.225       0.357       0.488       0.514       0.563


CONFIDENCE INTERVALS OF STANDARDIZED MODEL RESULTS


STDYX Standardization

                  Lower .5%  Lower 2.5%    Lower 5%    Estimate    Upper 5%  Upper 2.5%   Upper .5%

Within Level

 OCBCH    ON
    DOWNTEM         -0.036       0.003       0.023       0.126       0.230       0.249       0.288
    UPTEM           -0.298      -0.261      -0.241      -0.140      -0.039      -0.019       0.019
    DOWNSOC         -0.056      -0.016       0.004       0.109       0.214       0.234       0.273
    UPSOC           -0.075      -0.042      -0.025       0.062       0.149       0.166       0.199
    HUBPR            0.015       0.051       0.070       0.167       0.264       0.283       0.319
    AUTHPR          -0.237      -0.193      -0.171      -0.054       0.063       0.086       0.129
    NS               0.374       0.414       0.434       0.538       0.643       0.663       0.702
    NF              -0.291      -0.248      -0.226      -0.110       0.005       0.028       0.071

 NS       ON
    DOWNTEM          0.039       0.079       0.099       0.204       0.308       0.328       0.368
    UPTEM           -0.300      -0.251      -0.226      -0.096       0.034       0.059       0.107
    DOWNSOC         -0.016       0.019       0.037       0.130       0.223       0.241       0.276
    UPSOC           -0.122      -0.091      -0.075       0.010       0.094       0.110       0.141
    AUTHPR           0.139       0.184       0.207       0.327       0.448       0.471       0.516
    HUBPR           -0.219      -0.186      -0.170      -0.082       0.006       0.023       0.056

 NF       ON
    DOWNTEM         -0.249      -0.212      -0.192      -0.091       0.009       0.029       0.067
    UPTEM           -0.179      -0.122      -0.092       0.062       0.215       0.245       0.303
    DOWNSOC         -0.083      -0.042      -0.021       0.090       0.200       0.221       0.262
    UPSOC           -0.001       0.039       0.059       0.165       0.271       0.291       0.331
    AUTHPR          -0.419      -0.365      -0.336      -0.190      -0.043      -0.015       0.040
    HUBPR            0.141       0.190       0.215       0.344       0.474       0.498       0.547

 AUTHPR   ON
    DOWNTEM          0.178       0.219       0.240       0.349       0.458       0.479       0.519
    UPTEM           -0.323      -0.283      -0.262      -0.154      -0.046      -0.025       0.015
    DOWNSOC         -0.017       0.025       0.046       0.158       0.270       0.291       0.333
    UPSOC           -0.336      -0.297      -0.277      -0.172      -0.067      -0.047      -0.008

 HUBPR    ON
    DOWNTEM         -0.268      -0.230      -0.210      -0.108      -0.006       0.014       0.052
    UPTEM           -0.082      -0.030      -0.004       0.133       0.271       0.297       0.348
    DOWNSOC         -0.069      -0.031      -0.012       0.088       0.189       0.208       0.246
    UPSOC            0.039       0.099       0.129       0.288       0.447       0.477       0.537

 NS       WITH
    NF              -0.621      -0.577      -0.555      -0.438      -0.321      -0.299      -0.255

 Intercepts
    AUTHPR           3.538       3.846       4.003       4.826       5.649       5.806       6.114
    HUBPR            0.404       0.623       0.736       1.321       1.906       2.018       2.237
    NS               1.105       1.456       1.635       2.570       3.505       3.684       4.034
    NF               1.442       1.813       2.004       2.996       3.989       4.179       4.550

 Residual Variances
    OCBCH            0.344       0.380       0.399       0.496       0.594       0.612       0.649
    AUTHPR           0.558       0.590       0.606       0.691       0.776       0.792       0.824
    HUBPR            0.676       0.714       0.734       0.836       0.938       0.958       0.996
    NS               0.510       0.546       0.565       0.661       0.756       0.775       0.811
    NF               0.490       0.533       0.554       0.668       0.782       0.804       0.846

Between Level

 Means
    OCBCH           -1.291      -0.770      -0.503       0.889       2.282       2.549       3.070

 Variances
    OCBCH            1.000       1.000       1.000       1.000       1.000       1.000       1.000


CONFIDENCE INTERVALS OF TOTAL, TOTAL INDIRECT, SPECIFIC INDIRECT, AND DIRECT EFFECTS


                  Lower .5%  Lower 2.5%    Lower 5%    Estimate    Upper 5%  Upper 2.5%   Upper .5%

WITHIN

Effects from DOWNTEM to OCBCH

  Total              0.084       0.120       0.138       0.235       0.331       0.349       0.385
  Total indirect     0.034       0.057       0.069       0.131       0.194       0.206       0.229

  Specific indirect 1
    OCBCH
    AUTHPR
    DOWNTEM         -0.068      -0.055      -0.049      -0.015       0.018       0.024       0.037

  Specific indirect 2
    OCBCH
    HUBPR
    DOWNTEM         -0.038      -0.032      -0.030      -0.015       0.000       0.003       0.008

  Specific indirect 3
    OCBCH
    NS
    DOWNTEM          0.003       0.024       0.034       0.090       0.145       0.155       0.176

  Specific indirect 4
    OCBCH
    NF
    DOWNTEM         -0.010      -0.006      -0.003       0.008       0.020       0.022       0.026

  Specific indirect 5
    OCBCH
    NS
    AUTHPR
    DOWNTEM          0.009       0.019       0.024       0.050       0.076       0.081       0.091

  Specific indirect 6
    OCBCH
    NS
    HUBPR
    DOWNTEM         -0.004      -0.002      -0.001       0.004       0.009       0.010       0.012

  Specific indirect 7
    OCBCH
    NF
    AUTHPR
    DOWNTEM         -0.007      -0.004      -0.002       0.006       0.014       0.016       0.019

  Specific indirect 8
    OCBCH
    NF
    HUBPR
    DOWNTEM         -0.005      -0.003      -0.002       0.003       0.008       0.009       0.011

  Direct
    OCBCH
    DOWNTEM         -0.027       0.004       0.020       0.103       0.186       0.202       0.233


Effects from UPTEM to OCBCH

  Total             -0.429      -0.378      -0.352      -0.215      -0.078      -0.052      -0.001
  Total indirect    -0.196      -0.166      -0.151      -0.071       0.008       0.023       0.053

  Specific indirect 1
    OCBCH
    AUTHPR
    UPTEM           -0.023      -0.015      -0.011       0.008       0.028       0.032       0.040

  Specific indirect 2
    OCBCH
    HUBPR
    UPTEM           -0.020      -0.010      -0.004       0.023       0.050       0.055       0.065

  Specific indirect 3
    OCBCH
    NS
    UPTEM           -0.168      -0.140      -0.126      -0.053       0.020       0.034       0.061

  Specific indirect 4
    OCBCH
    NF
    UPTEM           -0.036      -0.029      -0.026      -0.007       0.012       0.015       0.022

  Specific indirect 5
    OCBCH
    NS
    AUTHPR
    UPTEM           -0.063      -0.055      -0.051      -0.028      -0.005      -0.001       0.008

  Specific indirect 6
    OCBCH
    NS
    HUBPR
    UPTEM           -0.022      -0.018      -0.016      -0.006       0.004       0.006       0.009

  Specific indirect 7
    OCBCH
    NF
    AUTHPR
    UPTEM           -0.011      -0.009      -0.008      -0.003       0.001       0.002       0.004

  Specific indirect 8
    OCBCH
    NF
    HUBPR
    UPTEM           -0.018      -0.015      -0.013      -0.005       0.003       0.005       0.008

  Direct
    OCBCH
    UPTEM           -0.313      -0.273      -0.252      -0.144      -0.035      -0.014       0.026


Effects from DOWNSOC to OCBCH

  Total             -0.013       0.029       0.050       0.161       0.272       0.293       0.335
  Total indirect    -0.014       0.007       0.018       0.073       0.128       0.139       0.159

  Specific indirect 1
    OCBCH
    AUTHPR
    DOWNSOC         -0.033      -0.027      -0.023      -0.007       0.010       0.013       0.019

  Specific indirect 2
    OCBCH
    HUBPR
    DOWNSOC         -0.013      -0.007      -0.004       0.012       0.028       0.031       0.037

  Specific indirect 3
    OCBCH
    NS
    DOWNSOC         -0.011       0.005       0.013       0.057       0.100       0.108       0.124

  Specific indirect 4
    OCBCH
    NF
    DOWNSOC         -0.028      -0.024      -0.021      -0.008       0.005       0.008       0.013

  Specific indirect 5
    OCBCH
    NS
    AUTHPR
    DOWNSOC         -0.006       0.001       0.004       0.023       0.041       0.045       0.051

  Specific indirect 6
    OCBCH
    NS
    HUBPR
    DOWNSOC         -0.010      -0.008      -0.008      -0.003       0.001       0.002       0.004

  Specific indirect 7
    OCBCH
    NF
    AUTHPR
    DOWNSOC         -0.003      -0.002      -0.001       0.003       0.006       0.007       0.008

  Specific indirect 8
    OCBCH
    NF
    HUBPR
    DOWNSOC         -0.010      -0.008      -0.007      -0.003       0.002       0.003       0.004

  Direct
    OCBCH
    DOWNSOC         -0.046      -0.014       0.003       0.088       0.173       0.190       0.222


Effects from UPSOC to OCBCH

  Total             -0.123      -0.083      -0.062       0.046       0.154       0.175       0.215
  Total indirect    -0.132      -0.103      -0.089      -0.012       0.064       0.078       0.107

  Specific indirect 1
    OCBCH
    AUTHPR
    UPSOC           -0.022      -0.015      -0.011       0.009       0.029       0.032       0.040

  Specific indirect 2
    OCBCH
    HUBPR
    UPSOC           -0.012       0.002       0.009       0.045       0.082       0.089       0.103

  Specific indirect 3
    OCBCH
    NS
    UPSOC           -0.062      -0.046      -0.038       0.005       0.048       0.056       0.072

  Specific indirect 4
    OCBCH
    NF
    UPSOC           -0.053      -0.044      -0.040      -0.017       0.006       0.010       0.019

  Specific indirect 5
    OCBCH
    NS
    AUTHPR
    UPSOC           -0.061      -0.053      -0.049      -0.029      -0.008      -0.004       0.004

  Specific indirect 6
    OCBCH
    NS
    HUBPR
    UPSOC           -0.035      -0.030      -0.027      -0.012       0.003       0.006       0.011

  Specific indirect 7
    OCBCH
    NF
    AUTHPR
    UPSOC           -0.010      -0.009      -0.008      -0.003       0.001       0.002       0.004

  Specific indirect 8
    OCBCH
    NF
    HUBPR
    UPSOC           -0.033      -0.028      -0.025      -0.010       0.004       0.007       0.012

  Direct
    OCBCH
    UPSOC           -0.074      -0.042      -0.026       0.058       0.143       0.159       0.191


Effects from AUTHPR to OCBCH

  Total             -0.080      -0.017       0.015       0.183       0.351       0.383       0.446
  Total indirect     0.111       0.144       0.162       0.252       0.342       0.359       0.393

  Specific indirect 1
    OCBCH
    NS
    AUTHPR           0.095       0.126       0.142       0.225       0.308       0.324       0.355

  Specific indirect 2
    OCBCH
    NF
    AUTHPR          -0.024      -0.012      -0.006       0.027       0.059       0.066       0.078

  Direct
    OCBCH
    AUTHPR          -0.304      -0.247      -0.219      -0.069       0.081       0.110       0.166


Effects from HUBPR to OCBCH

  Total             -0.101      -0.052      -0.028       0.103       0.233       0.258       0.306
  Total indirect    -0.232      -0.200      -0.184      -0.099      -0.014       0.003       0.035

  Specific indirect 1
    OCBCH
    NS
    HUBPR           -0.146      -0.124      -0.112      -0.053       0.006       0.017       0.039

  Specific indirect 2
    OCBCH
    NF
    HUBPR           -0.129      -0.109      -0.099      -0.046       0.007       0.017       0.037

  Direct
    OCBCH
    HUBPR            0.017       0.061       0.084       0.201       0.319       0.341       0.385


Effects from DOWNTEM to NS

  Total              0.097       0.125       0.139       0.215       0.291       0.305       0.334
  Total indirect     0.013       0.029       0.037       0.081       0.125       0.133       0.149

  Specific indirect 1
    NS
    AUTHPR
    DOWNTEM          0.010       0.026       0.034       0.075       0.117       0.125       0.141

  Specific indirect 2
    NS
    HUBPR
    DOWNTEM         -0.006      -0.003      -0.002       0.006       0.013       0.015       0.018

  Direct
    NS
    DOWNTEM          0.023       0.050       0.063       0.134       0.205       0.218       0.245


Effects from UPTEM to NS

  Total             -0.285      -0.248      -0.229      -0.130      -0.032      -0.013       0.024
  Total indirect    -0.111      -0.096      -0.089      -0.051      -0.012      -0.005       0.010

  Specific indirect 1
    NS
    AUTHPR
    UPTEM           -0.095      -0.082      -0.075      -0.042      -0.008      -0.001       0.011

  Specific indirect 2
    NS
    HUBPR
    UPTEM           -0.032      -0.027      -0.024      -0.009       0.006       0.009       0.014

  Direct
    NS
    UPTEM           -0.247      -0.207      -0.186      -0.080       0.027       0.047       0.087


Effects from DOWNSOC to NS

  Total              0.011       0.036       0.048       0.113       0.179       0.191       0.216
  Total indirect    -0.018      -0.006      -0.001       0.029       0.059       0.064       0.075

  Specific indirect 1
    NS
    AUTHPR
    DOWNSOC         -0.010       0.001       0.006       0.034       0.061       0.067       0.077

  Specific indirect 2
    NS
    HUBPR
    DOWNSOC         -0.015      -0.012      -0.011      -0.005       0.002       0.003       0.005

  Direct
    NS
    DOWNSOC         -0.009       0.013       0.025       0.085       0.144       0.156       0.178


Effects from UPSOC to NS

  Total             -0.162      -0.136      -0.123      -0.054       0.016       0.029       0.055
  Total indirect    -0.119      -0.105      -0.098      -0.061      -0.024      -0.017      -0.003

  Specific indirect 1
    NS
    AUTHPR
    UPSOC           -0.089      -0.078      -0.072      -0.043      -0.014      -0.008       0.003

  Specific indirect 2
    NS
    HUBPR
    UPSOC           -0.053      -0.044      -0.040      -0.018       0.004       0.008       0.017

  Direct
    NS
    UPSOC           -0.093      -0.069      -0.057       0.007       0.071       0.084       0.108


Effects from DOWNTEM to NF

  Total             -0.229      -0.206      -0.194      -0.132      -0.071      -0.059      -0.036
  Total indirect    -0.154      -0.134      -0.123      -0.070      -0.017      -0.007       0.013

  Specific indirect 1
    NF
    AUTHPR
    DOWNTEM         -0.112      -0.096      -0.088      -0.045      -0.002       0.006       0.022

  Specific indirect 2
    NF
    HUBPR
    DOWNTEM         -0.062      -0.053      -0.049      -0.025      -0.002       0.003       0.011

  Direct
    NF
    DOWNTEM         -0.168      -0.143      -0.130      -0.062       0.006       0.019       0.044


Effects from UPTEM to NF

  Total             -0.076      -0.030      -0.007       0.116       0.239       0.263       0.309
  Total indirect    -0.022      -0.002       0.009       0.064       0.119       0.129       0.150

  Specific indirect 1
    NF
    AUTHPR
    UPTEM           -0.016      -0.006      -0.001       0.025       0.051       0.056       0.066

  Specific indirect 2
    NF
    HUBPR
    UPTEM           -0.028      -0.012      -0.004       0.039       0.082       0.090       0.106

  Direct
    NF
    UPTEM           -0.153      -0.104      -0.079       0.052       0.184       0.209       0.258


Effects from DOWNSOC to NF

  Total             -0.053      -0.026      -0.012       0.060       0.133       0.147       0.174
  Total indirect    -0.052      -0.040      -0.033       0.000       0.034       0.040       0.053

  Specific indirect 1
    NF
    AUTHPR
    DOWNSOC         -0.049      -0.042      -0.038      -0.020      -0.002       0.002       0.009

  Specific indirect 2
    NF
    HUBPR
    DOWNSOC         -0.020      -0.010      -0.005       0.020       0.046       0.051       0.061

  Direct
    NF
    DOWNSOC         -0.057      -0.029      -0.015       0.060       0.135       0.149       0.177


Effects from UPSOC to NF

  Total              0.056       0.098       0.120       0.233       0.346       0.367       0.410
  Total indirect     0.007       0.030       0.042       0.103       0.165       0.177       0.200

  Specific indirect 1
    NF
    AUTHPR
    UPSOC           -0.007       0.001       0.005       0.026       0.046       0.050       0.058

  Specific indirect 2
    NF
    HUBPR
    UPSOC           -0.018       0.005       0.017       0.078       0.139       0.150       0.173

  Direct
    NF
    UPSOC           -0.003       0.028       0.045       0.129       0.214       0.231       0.262


BETWEEN

Effects from DOWNTEM to OCBCH

  Total              0.000       0.000       0.000       0.000       0.000       0.000       0.000
  Total indirect     0.000       0.000       0.000       0.000       0.000       0.000       0.000


Effects from UPTEM to OCBCH

  Total              0.000       0.000       0.000       0.000       0.000       0.000       0.000
  Total indirect     0.000       0.000       0.000       0.000       0.000       0.000       0.000


Effects from DOWNSOC to OCBCH

  Total              0.000       0.000       0.000       0.000       0.000       0.000       0.000
  Total indirect     0.000       0.000       0.000       0.000       0.000       0.000       0.000


Effects from UPSOC to OCBCH

  Total              0.000       0.000       0.000       0.000       0.000       0.000       0.000
  Total indirect     0.000       0.000       0.000       0.000       0.000       0.000       0.000


Effects from AUTHPR to OCBCH

  Total              0.000       0.000       0.000       0.000       0.000       0.000       0.000
  Total indirect     0.000       0.000       0.000       0.000       0.000       0.000       0.000


Effects from HUBPR to OCBCH

  Total              0.000       0.000       0.000       0.000       0.000       0.000       0.000
  Total indirect     0.000       0.000       0.000       0.000       0.000       0.000       0.000


Effects from DOWNTEM to NS

  Total              0.000       0.000       0.000       0.000       0.000       0.000       0.000
  Total indirect     0.000       0.000       0.000       0.000       0.000       0.000       0.000


Effects from UPTEM to NS

  Total              0.000       0.000       0.000       0.000       0.000       0.000       0.000
  Total indirect     0.000       0.000       0.000       0.000       0.000       0.000       0.000


Effects from DOWNSOC to NS

  Total              0.000       0.000       0.000       0.000       0.000       0.000       0.000
  Total indirect     0.000       0.000       0.000       0.000       0.000       0.000       0.000


Effects from UPSOC to NS

  Total              0.000       0.000       0.000       0.000       0.000       0.000       0.000
  Total indirect     0.000       0.000       0.000       0.000       0.000       0.000       0.000


Effects from DOWNTEM to NF

  Total              0.000       0.000       0.000       0.000       0.000       0.000       0.000
  Total indirect     0.000       0.000       0.000       0.000       0.000       0.000       0.000


Effects from UPTEM to NF

  Total              0.000       0.000       0.000       0.000       0.000       0.000       0.000
  Total indirect     0.000       0.000       0.000       0.000       0.000       0.000       0.000


Effects from DOWNSOC to NF

  Total              0.000       0.000       0.000       0.000       0.000       0.000       0.000
  Total indirect     0.000       0.000       0.000       0.000       0.000       0.000       0.000


Effects from UPSOC to NF

  Total              0.000       0.000       0.000       0.000       0.000       0.000       0.000
  Total indirect     0.000       0.000       0.000       0.000       0.000       0.000       0.000



CONFIDENCE INTERVALS OF STANDARDIZED TOTAL, TOTAL INDIRECT, SPECIFIC INDIRECT, AND DIRECT EFFECTS


STDYX Standardization

                  Lower .5%  Lower 2.5%    Lower 5%    Estimate    Upper 5%  Upper 2.5%   Upper .5%

WITHIN

Effects from DOWNTEM to OCBCH

  Total              0.097       0.143       0.166       0.287       0.408       0.431       0.476
  Total indirect     0.042       0.070       0.085       0.160       0.236       0.251       0.279

  Specific indirect 1
    OCBCH
    AUTHPR
    DOWNTEM         -0.082      -0.067      -0.059      -0.019       0.022       0.029       0.045

  Specific indirect 2
    OCBCH
    HUBPR
    DOWNTEM         -0.046      -0.039      -0.036      -0.018       0.000       0.003       0.010

  Specific indirect 3
    OCBCH
    NS
    DOWNTEM          0.007       0.031       0.044       0.110       0.175       0.188       0.213

  Specific indirect 4
    OCBCH
    NF
    DOWNTEM         -0.012      -0.006      -0.004       0.010       0.024       0.027       0.032

  Specific indirect 5
    OCBCH
    NS
    AUTHPR
    DOWNTEM          0.010       0.022       0.028       0.061       0.094       0.101       0.113

  Specific indirect 6
    OCBCH
    NS
    HUBPR
    DOWNTEM         -0.005      -0.002      -0.001       0.005       0.011       0.012       0.014

  Specific indirect 7
    OCBCH
    NF
    AUTHPR
    DOWNTEM         -0.008      -0.005      -0.003       0.007       0.017       0.019       0.023

  Specific indirect 8
    OCBCH
    NF
    HUBPR
    DOWNTEM         -0.005      -0.003      -0.002       0.004       0.010       0.011       0.014

  Direct
    OCBCH
    DOWNTEM         -0.036       0.003       0.023       0.126       0.230       0.249       0.288


Effects from UPTEM to OCBCH

  Total             -0.408      -0.360      -0.336      -0.209      -0.083      -0.058      -0.011
  Total indirect    -0.189      -0.161      -0.146      -0.069       0.007       0.022       0.051

  Specific indirect 1
    OCBCH
    AUTHPR
    UPTEM           -0.022      -0.015      -0.011       0.008       0.027       0.031       0.038

  Specific indirect 2
    OCBCH
    HUBPR
    UPTEM           -0.019      -0.009      -0.004       0.022       0.049       0.054       0.063

  Specific indirect 3
    OCBCH
    NS
    UPTEM           -0.162      -0.136      -0.122      -0.052       0.019       0.032       0.058

  Specific indirect 4
    OCBCH
    NF
    UPTEM           -0.035      -0.028      -0.025      -0.007       0.011       0.015       0.022

  Specific indirect 5
    OCBCH
    NS
    AUTHPR
    UPTEM           -0.062      -0.054      -0.049      -0.027      -0.005      -0.001       0.008

  Specific indirect 6
    OCBCH
    NS
    HUBPR
    UPTEM           -0.021      -0.017      -0.016      -0.006       0.004       0.006       0.009

  Specific indirect 7
    OCBCH
    NF
    AUTHPR
    UPTEM           -0.010      -0.009      -0.008      -0.003       0.001       0.002       0.004

  Specific indirect 8
    OCBCH
    NF
    HUBPR
    UPTEM           -0.018      -0.015      -0.013      -0.005       0.003       0.004       0.007

  Direct
    OCBCH
    UPTEM           -0.298      -0.261      -0.241      -0.140      -0.039      -0.019       0.019


Effects from DOWNSOC to OCBCH

  Total             -0.014       0.037       0.063       0.199       0.335       0.361       0.412
  Total indirect    -0.016       0.009       0.022       0.090       0.158       0.171       0.197

  Specific indirect 1
    OCBCH
    AUTHPR
    DOWNSOC         -0.040      -0.033      -0.029      -0.008       0.012       0.016       0.023

  Specific indirect 2
    OCBCH
    HUBPR
    DOWNSOC         -0.016      -0.008      -0.005       0.015       0.034       0.038       0.045

  Specific indirect 3
    OCBCH
    NS
    DOWNSOC         -0.012       0.007       0.017       0.070       0.122       0.132       0.152

  Specific indirect 4
    OCBCH
    NF
    DOWNSOC         -0.035      -0.029      -0.026      -0.010       0.006       0.009       0.015

  Specific indirect 5
    OCBCH
    NS
    AUTHPR
    DOWNSOC         -0.008       0.000       0.005       0.028       0.051       0.055       0.064

  Specific indirect 6
    OCBCH
    NS
    HUBPR
    DOWNSOC         -0.012      -0.010      -0.009      -0.004       0.002       0.003       0.005

  Specific indirect 7
    OCBCH
    NF
    AUTHPR
    DOWNSOC         -0.004      -0.002      -0.001       0.003       0.008       0.009       0.010

  Specific indirect 8
    OCBCH
    NF
    HUBPR
    DOWNSOC         -0.012      -0.010      -0.009      -0.003       0.002       0.003       0.005

  Direct
    OCBCH
    DOWNSOC         -0.056      -0.016       0.004       0.109       0.214       0.234       0.273


Effects from UPSOC to OCBCH

  Total             -0.127      -0.085      -0.064       0.049       0.161       0.183       0.225
  Total indirect    -0.140      -0.109      -0.094      -0.013       0.068       0.083       0.113

  Specific indirect 1
    OCBCH
    AUTHPR
    UPSOC           -0.023      -0.016      -0.012       0.009       0.030       0.034       0.042

  Specific indirect 2
    OCBCH
    HUBPR
    UPSOC           -0.011       0.003       0.010       0.048       0.086       0.093       0.107

  Specific indirect 3
    OCBCH
    NS
    UPSOC           -0.066      -0.049      -0.040       0.005       0.051       0.059       0.076

  Specific indirect 4
    OCBCH
    NF
    UPSOC           -0.056      -0.047      -0.042      -0.018       0.006       0.010       0.019

  Specific indirect 5
    OCBCH
    NS
    AUTHPR
    UPSOC           -0.064      -0.056      -0.052      -0.030      -0.009      -0.005       0.003

  Specific indirect 6
    OCBCH
    NS
    HUBPR
    UPSOC           -0.037      -0.031      -0.028      -0.013       0.003       0.006       0.012

  Specific indirect 7
    OCBCH
    NF
    AUTHPR
    UPSOC           -0.011      -0.009      -0.008      -0.004       0.001       0.002       0.004

  Specific indirect 8
    OCBCH
    NF
    HUBPR
    UPSOC           -0.035      -0.029      -0.026      -0.011       0.004       0.007       0.013

  Direct
    OCBCH
    UPSOC           -0.075      -0.042      -0.025       0.062       0.149       0.166       0.199


Effects from AUTHPR to OCBCH

  Total             -0.066      -0.016       0.010       0.143       0.277       0.302       0.352
  Total indirect     0.083       0.110       0.124       0.197       0.270       0.284       0.311

  Specific indirect 1
    OCBCH
    NS
    AUTHPR           0.071       0.096       0.109       0.176       0.243       0.256       0.282

  Specific indirect 2
    OCBCH
    NF
    AUTHPR          -0.019      -0.010      -0.005       0.021       0.046       0.051       0.061

  Direct
    OCBCH
    AUTHPR          -0.237      -0.193      -0.171      -0.054       0.063       0.086       0.129


Effects from HUBPR to OCBCH

  Total             -0.084      -0.043      -0.023       0.085       0.193       0.213       0.254
  Total indirect    -0.193      -0.166      -0.153      -0.082      -0.011       0.002       0.029

  Specific indirect 1
    OCBCH
    NS
    HUBPR           -0.119      -0.101      -0.092      -0.044       0.004       0.013       0.031

  Specific indirect 2
    OCBCH
    NF
    HUBPR           -0.109      -0.092      -0.083      -0.038       0.007       0.016       0.033

  Direct
    OCBCH
    HUBPR            0.015       0.051       0.070       0.167       0.264       0.283       0.319


Effects from DOWNTEM to NS

  Total              0.157       0.197       0.218       0.327       0.435       0.456       0.497
  Total indirect     0.022       0.046       0.059       0.123       0.188       0.200       0.224

  Specific indirect 1
    NS
    AUTHPR
    DOWNTEM          0.018       0.041       0.052       0.114       0.176       0.188       0.211

  Specific indirect 2
    NS
    HUBPR
    DOWNTEM         -0.009      -0.005      -0.003       0.009       0.020       0.022       0.027

  Direct
    NS
    DOWNTEM          0.039       0.079       0.099       0.204       0.308       0.328       0.368


Effects from UPTEM to NS

  Total             -0.347      -0.302      -0.279      -0.158      -0.037      -0.013       0.032
  Total indirect    -0.134      -0.117      -0.108      -0.061      -0.015      -0.006       0.012

  Specific indirect 1
    NS
    AUTHPR
    UPTEM           -0.114      -0.099      -0.091      -0.050      -0.009      -0.002       0.014

  Specific indirect 2
    NS
    HUBPR
    UPTEM           -0.039      -0.032      -0.029      -0.011       0.007       0.011       0.017

  Direct
    NS
    UPTEM           -0.300      -0.251      -0.226      -0.096       0.034       0.059       0.107


Effects from DOWNSOC to NS

  Total              0.015       0.053       0.073       0.174       0.276       0.296       0.334
  Total indirect    -0.027      -0.010      -0.001       0.045       0.090       0.099       0.116

  Specific indirect 1
    NS
    AUTHPR
    DOWNSOC         -0.015       0.001       0.009       0.052       0.094       0.102       0.118

  Specific indirect 2
    NS
    HUBPR
    DOWNSOC         -0.023      -0.019      -0.017      -0.007       0.003       0.004       0.008

  Direct
    NS
    DOWNSOC         -0.016       0.019       0.037       0.130       0.223       0.241       0.276


Effects from UPSOC to NS

  Total             -0.215      -0.180      -0.163      -0.070       0.022       0.040       0.074
  Total indirect    -0.156      -0.138      -0.129      -0.080      -0.031      -0.022      -0.004

  Specific indirect 1
    NS
    AUTHPR
    UPSOC           -0.116      -0.102      -0.095      -0.056      -0.018      -0.011       0.004

  Specific indirect 2
    NS
    HUBPR
    UPSOC           -0.069      -0.058      -0.053      -0.024       0.006       0.011       0.022

  Direct
    NS
    UPSOC           -0.122      -0.091      -0.075       0.010       0.094       0.110       0.141


Effects from DOWNTEM to NF

  Total             -0.343      -0.307      -0.289      -0.195      -0.100      -0.082      -0.047
  Total indirect    -0.228      -0.198      -0.183      -0.103      -0.024      -0.008       0.021

  Specific indirect 1
    NF
    AUTHPR
    DOWNTEM         -0.167      -0.143      -0.131      -0.066      -0.002       0.011       0.035

  Specific indirect 2
    NF
    HUBPR
    DOWNTEM         -0.091      -0.078      -0.072      -0.037      -0.003       0.004       0.017

  Direct
    NF
    DOWNTEM         -0.249      -0.212      -0.192      -0.091       0.009       0.029       0.067


Effects from UPTEM to NF

  Total             -0.090      -0.036      -0.008       0.137       0.281       0.309       0.363
  Total indirect    -0.027      -0.003       0.010       0.075       0.140       0.153       0.178

  Specific indirect 1
    NF
    AUTHPR
    UPTEM           -0.019      -0.008      -0.002       0.029       0.060       0.066       0.078

  Specific indirect 2
    NF
    HUBPR
    UPTEM           -0.033      -0.014      -0.005       0.046       0.096       0.106       0.125

  Direct
    NF
    UPTEM           -0.179      -0.122      -0.092       0.062       0.215       0.245       0.303


Effects from DOWNSOC to NF

  Total             -0.076      -0.037      -0.016       0.090       0.196       0.217       0.256
  Total indirect    -0.078      -0.059      -0.050       0.000       0.050       0.060       0.079

  Specific indirect 1
    NF
    AUTHPR
    DOWNSOC         -0.073      -0.063      -0.058      -0.030      -0.002       0.003       0.013

  Specific indirect 2
    NF
    HUBPR
    DOWNSOC         -0.029      -0.014      -0.007       0.030       0.068       0.075       0.089

  Direct
    NF
    DOWNSOC         -0.083      -0.042      -0.021       0.090       0.200       0.221       0.262


Effects from UPSOC to NF

  Total              0.089       0.139       0.164       0.297       0.430       0.455       0.505
  Total indirect     0.020       0.046       0.060       0.132       0.203       0.217       0.244

  Specific indirect 1
    NF
    AUTHPR
    UPSOC           -0.009       0.001       0.006       0.033       0.059       0.065       0.075

  Specific indirect 2
    NF
    HUBPR
    UPSOC           -0.014       0.013       0.027       0.099       0.171       0.185       0.212

  Direct
    NF
    UPSOC           -0.001       0.039       0.059       0.165       0.271       0.291       0.331


BETWEEN

Effects from DOWNTEM to OCBCH

  Total              0.000       0.000       0.000       0.000       0.000       0.000       0.000
  Total indirect     0.000       0.000       0.000       0.000       0.000       0.000       0.000


Effects from UPTEM to OCBCH

  Total              0.000       0.000       0.000       0.000       0.000       0.000       0.000
  Total indirect     0.000       0.000       0.000       0.000       0.000       0.000       0.000


Effects from DOWNSOC to OCBCH

  Total              0.000       0.000       0.000       0.000       0.000       0.000       0.000
  Total indirect     0.000       0.000       0.000       0.000       0.000       0.000       0.000


Effects from UPSOC to OCBCH

  Total              0.000       0.000       0.000       0.000       0.000       0.000       0.000
  Total indirect     0.000       0.000       0.000       0.000       0.000       0.000       0.000


Effects from AUTHPR to OCBCH

  Total              0.000       0.000       0.000       0.000       0.000       0.000       0.000
  Total indirect     0.000       0.000       0.000       0.000       0.000       0.000       0.000


Effects from HUBPR to OCBCH

  Total              0.000       0.000       0.000       0.000       0.000       0.000       0.000
  Total indirect     0.000       0.000       0.000       0.000       0.000       0.000       0.000


Effects from DOWNTEM to NS

  Total              0.000       0.000       0.000       0.000       0.000       0.000       0.000
  Total indirect     0.000       0.000       0.000       0.000       0.000       0.000       0.000


Effects from UPTEM to NS

  Total              0.000       0.000       0.000       0.000       0.000       0.000       0.000
  Total indirect     0.000       0.000       0.000       0.000       0.000       0.000       0.000


Effects from DOWNSOC to NS

  Total              0.000       0.000       0.000       0.000       0.000       0.000       0.000
  Total indirect     0.000       0.000       0.000       0.000       0.000       0.000       0.000


Effects from UPSOC to NS

  Total              0.000       0.000       0.000       0.000       0.000       0.000       0.000
  Total indirect     0.000       0.000       0.000       0.000       0.000       0.000       0.000


Effects from DOWNTEM to NF

  Total              0.000       0.000       0.000       0.000       0.000       0.000       0.000
  Total indirect     0.000       0.000       0.000       0.000       0.000       0.000       0.000


Effects from UPTEM to NF

  Total              0.000       0.000       0.000       0.000       0.000       0.000       0.000
  Total indirect     0.000       0.000       0.000       0.000       0.000       0.000       0.000


Effects from DOWNSOC to NF

  Total              0.000       0.000       0.000       0.000       0.000       0.000       0.000
  Total indirect     0.000       0.000       0.000       0.000       0.000       0.000       0.000


Effects from UPSOC to NF

  Total              0.000       0.000       0.000       0.000       0.000       0.000       0.000
  Total indirect     0.000       0.000       0.000       0.000       0.000       0.000       0.000




MODEL MODIFICATION INDICES

NOTE:  Modification indices for direct effects of observed dependent variables
regressed on covariates may not be included.  To include these, request
MODINDICES (ALL).

Minimum M.I. value for printing the modification index    10.000

                                   M.I.     E.P.C.  Std E.P.C.  StdYX E.P.C.

Within Level

Between Level

No modification indices above the minimum value.



DIAGRAM INFORMATION

  Mplus diagrams are currently not available for multilevel analysis.
  No diagram output was produced.


     Beginning Time:  09:13:00
        Ending Time:  09:13:00
       Elapsed Time:  00:00:00



MUTHEN & MUTHEN
3463 Stoner Ave.
Los Angeles, CA  90066

Tel: (310) 391-9971
Fax: (310) 391-8971
Web: www.StatModel.com
Support: Support@StatModel.com

Copyright (c) 1998-2019 Muthen & Muthen
